SF:lib\domain\entities\price_entity.dart
DA:11,1
DA:20,0
DA:28,0
DA:29,0
DA:30,0
DA:31,0
DA:32,0
DA:33,0
DA:34,0
LF:9
LH:1
end_of_record
SF:lib\domain\usecases\list_prices_by_multi_id_usecase.dart
DA:10,1
DA:14,1
DA:18,1
DA:19,5
DA:20,4
DA:23,3
DA:26,1
DA:27,2
DA:28,4
DA:31,2
DA:32,2
DA:34,2
DA:37,2
LF:13
LH:13
end_of_record
SF:lib\data\helpers\websocket.dart
DA:18,4
DA:20,1
DA:21,2
DA:24,0
DA:25,0
DA:26,0
DA:27,0
DA:28,0
DA:31,0
DA:32,0
DA:33,0
DA:36,0
DA:38,0
DA:39,0
DA:42,3
DA:44,1
DA:46,1
DA:48,1
DA:50,1
DA:53,3
DA:55,1
DA:58,1
DA:60,2
DA:62,3
DA:63,4
DA:66,2
DA:69,0
DA:70,0
DA:71,0
DA:75,0
DA:76,0
DA:77,0
LF:32
LH:15
end_of_record
SF:lib\data\repositories\heartbeat_repository.dart
DA:8,1
DA:10,1
DA:12,4
DA:14,4
DA:15,5
DA:16,4
LF:6
LH:6
end_of_record
SF:lib\domain\usecases\heartbeat_usecase.dart
DA:8,1
DA:13,1
DA:14,1
DA:17,3
DA:19,1
DA:21,0
DA:24,1
LF:7
LH:6
end_of_record
